{
  "RSpec": {
    "coverage": {
      "/home/ubuntu/workspace/hw5fall15/spec/controllers/movies_controller_spec.rb": [
        1,
        1,
        null,
        1,
        1,
        1,
        10,
        null,
        1,
        1,
        1,
        null,
        1,
        1,
        2,
        2,
        null,
        1,
        1,
        null,
        1,
        1,
        null,
        null,
        1,
        1,
        1,
        1,
        1,
        null,
        1,
        1,
        1,
        null,
        1,
        1,
        1,
        null,
        1,
        1,
        1,
        null,
        null,
        1,
        1,
        1,
        1,
        1,
        null,
        1,
        1,
        1,
        1,
        null,
        1,
        1,
        1,
        1,
        null,
        null,
        null,
        null,
        1,
        1,
        1,
        1,
        1,
        1,
        null,
        1,
        1,
        1,
        1,
        null,
        1,
        1,
        1,
        1,
        null,
        1,
        1,
        1,
        1,
        null,
        null,
        1,
        1,
        1,
        1,
        null,
        1,
        1,
        1,
        null,
        null,
        null,
        null
      ],
      "/home/ubuntu/workspace/hw5fall15/spec/rails_helper.rb": [
        null,
        1,
        1,
        null,
        1,
        1,
        1,
        null,
        null,
        null,
        null,
        null,
        null,
        null,
        null,
        null,
        null,
        null,
        null,
        null,
        null,
        null,
        null,
        null,
        null,
        null,
        1,
        null,
        1,
        null,
        1,
        null,
        null,
        null,
        null,
        1,
        null,
        null,
        null,
        null,
        null,
        null,
        null,
        null,
        null,
        null,
        null,
        null,
        null,
        null,
        1,
        null
      ],
      "/home/ubuntu/workspace/hw5fall15/config/environment.rb": [
        null,
        1,
        null,
        null,
        1
      ],
      "/home/ubuntu/workspace/hw5fall15/config/application.rb": [
        1,
        null,
        1,
        null,
        null,
        1,
        null,
        1,
        1,
        null,
        null,
        null,
        null,
        null,
        null,
        null,
        null,
        null,
        null,
        null,
        null,
        null,
        1,
        null,
        null
      ],
      "/home/ubuntu/workspace/hw5fall15/config/boot.rb": [
        1,
        null,
        1
      ],
      "/home/ubuntu/workspace/hw5fall15/config/environments/test.rb": [
        1,
        null,
        null,
        null,
        null,
        null,
        null,
        1,
        null,
        null,
        null,
        null,
        1,
        null,
        null,
        1,
        1,
        null,
        null,
        1,
        1,
        null,
        null,
        1,
        null,
        null,
        1,
        null,
        null,
        null,
        null,
        1,
        null,
        null,
        1,
        null,
        null,
        1,
        null,
        null,
        null,
        null
      ],
      "/home/ubuntu/workspace/hw5fall15/config/initializers/assets.rb": [
        null,
        null,
        null,
        1,
        null,
        null,
        null,
        null,
        null,
        null,
        null
      ],
      "/home/ubuntu/workspace/hw5fall15/config/initializers/backtrace_silencers.rb": [
        null,
        null,
        null,
        null,
        null,
        null,
        null
      ],
      "/home/ubuntu/workspace/hw5fall15/config/initializers/cookies_serializer.rb": [
        null,
        null,
        1
      ],
      "/home/ubuntu/workspace/hw5fall15/config/initializers/filter_parameter_logging.rb": [
        null,
        null,
        null,
        1
      ],
      "/home/ubuntu/workspace/hw5fall15/config/initializers/inflections.rb": [
        null,
        null,
        null,
        null,
        null,
        null,
        null,
        null,
        null,
        null,
        null,
        null,
        null,
        null,
        null,
        null
      ],
      "/home/ubuntu/workspace/hw5fall15/config/initializers/mime_types.rb": [
        null,
        null,
        null,
        null
      ],
      "/home/ubuntu/workspace/hw5fall15/config/initializers/session_store.rb": [
        null,
        null,
        1
      ],
      "/home/ubuntu/workspace/hw5fall15/config/initializers/wrap_parameters.rb": [
        null,
        null,
        null,
        null,
        null,
        null,
        1,
        1,
        null,
        null,
        null,
        null,
        null,
        null
      ],
      "/home/ubuntu/workspace/hw5fall15/config/routes.rb": [
        1,
        null,
        null,
        null,
        null,
        null,
        null,
        null,
        null,
        null,
        null,
        null,
        null,
        null,
        null,
        null,
        1,
        1,
        1,
        null,
        null,
        null,
        null,
        null,
        null,
        null,
        null,
        null,
        null,
        null,
        null,
        null,
        null,
        null,
        null,
        null,
        null,
        null,
        null,
        null,
        null,
        null,
        null,
        null,
        null,
        null,
        null,
        null,
        null,
        null,
        null,
        null,
        null,
        null,
        null,
        null,
        null,
        null,
        null
      ],
      "/home/ubuntu/workspace/hw5fall15/app/helpers/application_helper.rb": [
        1,
        null
      ],
      "/home/ubuntu/workspace/hw5fall15/app/helpers/movies_helper.rb": [
        1,
        null,
        1,
        0,
        null,
        null
      ],
      "/home/ubuntu/workspace/hw5fall15/app/controllers/movies_controller.rb": [
        1,
        1,
        0,
        null,
        null,
        null,
        1,
        10,
        10,
        4,
        4,
        null,
        6,
        null,
        6,
        3,
        3,
        null,
        null,
        null,
        null,
        1,
        null,
        6,
        2,
        null,
        4,
        4,
        4,
        null,
        4,
        null,
        6,
        null,
        null,
        1,
        0,
        0,
        null,
        null,
        null,
        1,
        0,
        0,
        null,
        0,
        null,
        0,
        null,
        0,
        0,
        null,
        0,
        0,
        null,
        null,
        0,
        0,
        0,
        0,
        null,
        0,
        null,
        null,
        1,
        null,
        null,
        null,
        1,
        0,
        0,
        0,
        null,
        null,
        1,
        0,
        null,
        null,
        1,
        0,
        0,
        0,
        0,
        null,
        null,
        1,
        0,
        0,
        0,
        0,
        null,
        null,
        null
      ],
      "/home/ubuntu/workspace/hw5fall15/app/controllers/application_controller.rb": [
        1,
        null,
        null,
        1,
        null,
        1,
        1,
        null
      ],
      "/home/ubuntu/workspace/hw5fall15/spec/models/movie_spec.rb": [
        1,
        1,
        null,
        null,
        1,
        1,
        1,
        3,
        3,
        3,
        3,
        3,
        null,
        1,
        1,
        1,
        1,
        1,
        null,
        null,
        1,
        1,
        1,
        1,
        2,
        null,
        1,
        1,
        1,
        2,
        null,
        null,
        null,
        1,
        1,
        1,
        1,
        1,
        1,
        null,
        1,
        1,
        1,
        1,
        1,
        null,
        null,
        null
      ],
      "/home/ubuntu/workspace/hw5fall15/app/models/movie.rb": [
        1,
        1,
        null,
        1,
        3,
        3,
        1,
        1,
        1,
        1,
        null,
        1,
        2,
        2,
        1,
        null,
        1,
        null,
        null,
        null,
        null,
        1,
        2,
        2,
        null,
        null,
        1,
        0,
        null,
        null
      ]
    },
    "timestamp": 1445715942
  }
}
